{
  "RSpec": {
    "coverage": {
      "/Users/jelenarakic/breakable-toy/app/models/user.rb": [
        1,
        1,
        1,
        1,
        null,
        1,
        null,
        1,
        null,
        null,
        1,
        1,
        1,
        null
      ],
      "/Users/jelenarakic/breakable-toy/app/helpers/application_helper.rb": [
        1,
        null
      ],
      "/Users/jelenarakic/breakable-toy/app/helpers/welcome_helper.rb": [
        1,
        null
      ],
      "/Users/jelenarakic/breakable-toy/app/controllers/welcome_controller.rb": [
        1,
        1,
        7,
        2,
        null,
        5,
        null,
        null,
        null
      ],
      "/Users/jelenarakic/breakable-toy/app/controllers/application_controller.rb": [
        1,
        null,
        1,
        null,
        1,
        null,
        1,
        null,
        1,
        11,
        11,
        null,
        null
      ],
      "/Users/jelenarakic/breakable-toy/app/models/fave.rb": [
        1,
        1,
        1,
        null,
        1,
        null
      ],
      "/Users/jelenarakic/breakable-toy/app/models/pet.rb": [
        1,
        1,
        null,
        1,
        1,
        1,
        1,
        null,
        1,
        1,
        null,
        1,
        1,
        1,
        null,
        1,
        1,
        null,
        1,
        1,
        1,
        1,
        null,
        1,
        0,
        null,
        null,
        1,
        0,
        null,
        null,
        1,
        0,
        null,
        null,
        1,
        0,
        null,
        null,
        1,
        0,
        null,
        null,
        1,
        0,
        null,
        null,
        1,
        0,
        null,
        null,
        1,
        0,
        null,
        null
      ],
      "/Users/jelenarakic/breakable-toy/app/models/shelter.rb": [
        1,
        1,
        null,
        1,
        null
      ],
      "/Users/jelenarakic/breakable-toy/app/controllers/pets_controller.rb": [
        0,
        0,
        0,
        0,
        0,
        0,
        0,
        0,
        0,
        0,
        0,
        0,
        0,
        0,
        0,
        0,
        0,
        0,
        0,
        0,
        0,
        0,
        0,
        0,
        0,
        0,
        0,
        0,
        0,
        0,
        0,
        0,
        0,
        0,
        0,
        0,
        0,
        0,
        0,
        0,
        0,
        0,
        0,
        0,
        0,
        0,
        0,
        0,
        0,
        0,
        0,
        0,
        0,
        0,
        0,
        0,
        0,
        0,
        0,
        0
      ],
      "/Users/jelenarakic/breakable-toy/app/controllers/users_controller.rb": [
        0,
        0,
        0,
        0,
        0,
        0,
        0,
        0,
        0,
        0
      ]
    },
    "timestamp": 1469581284
  }
}
